Cloning into 'helloc'...
remote: Enumerating objects: 13, done.[K
remote: Counting objects:   7% (1/13)[K
remote: Counting objects:  15% (2/13)[K
remote: Counting objects:  23% (3/13)[K
remote: Counting objects:  30% (4/13)[K
remote: Counting objects:  38% (5/13)[K
remote: Counting objects:  46% (6/13)[K
remote: Counting objects:  53% (7/13)[K
remote: Counting objects:  61% (8/13)[K
remote: Counting objects:  69% (9/13)[K
remote: Counting objects:  76% (10/13)[K
remote: Counting objects:  84% (11/13)[K
remote: Counting objects:  92% (12/13)[K
remote: Counting objects: 100% (13/13)[K
remote: Counting objects: 100% (13/13), done.[K
remote: Compressing objects:   9% (1/11)[K
remote: Compressing objects:  18% (2/11)[K
remote: Compressing objects:  27% (3/11)[K
remote: Compressing objects:  36% (4/11)[K
remote: Compressing objects:  45% (5/11)[K
remote: Compressing objects:  54% (6/11)[K
remote: Compressing objects:  63% (7/11)[K
remote: Compressing objects:  72% (8/11)[K
remote: Compressing objects:  81% (9/11)[K
remote: Compressing objects:  90% (10/11)[K
remote: Compressing objects: 100% (11/11)[K
remote: Compressing objects: 100% (11/11), done.[K
remote: Total 13 (delta 3), reused 0 (delta 0), pack-reused 0 (from 0)[K
Receiving objects:   7% (1/13)
Receiving objects:  15% (2/13)
Receiving objects:  23% (3/13)
Receiving objects:  30% (4/13)
Receiving objects:  38% (5/13)
Receiving objects:  46% (6/13)
Receiving objects:  53% (7/13)
Receiving objects:  61% (8/13)
Receiving objects:  69% (9/13)
Receiving objects:  76% (10/13)
Receiving objects:  84% (11/13)
Receiving objects:  92% (12/13)
Receiving objects: 100% (13/13)
Receiving objects: 100% (13/13), done.
Resolving deltas:   0% (0/3)
Resolving deltas:  33% (1/3)
Resolving deltas:  66% (2/3)
Resolving deltas: 100% (3/3)
Resolving deltas: 100% (3/3), done.
PODMANTERMINATION 0
gcc  -Wall   -c -o hello.o hello.c
gcc    hello.o   -o hello
PODMANTERMINATION 0
