Cloning into 'hellogo'...
remote: Enumerating objects: 10, done.[K
remote: Counting objects:  10% (1/10)[K
remote: Counting objects:  20% (2/10)[K
remote: Counting objects:  30% (3/10)[K
remote: Counting objects:  40% (4/10)[K
remote: Counting objects:  50% (5/10)[K
remote: Counting objects:  60% (6/10)[K
remote: Counting objects:  70% (7/10)[K
remote: Counting objects:  80% (8/10)[K
remote: Counting objects:  90% (9/10)[K
remote: Counting objects: 100% (10/10)[K
remote: Counting objects: 100% (10/10), done.[K
remote: Compressing objects:  12% (1/8)[K
remote: Compressing objects:  25% (2/8)[K
remote: Compressing objects:  37% (3/8)[K
remote: Compressing objects:  50% (4/8)[K
remote: Compressing objects:  62% (5/8)[K
remote: Compressing objects:  75% (6/8)[K
remote: Compressing objects:  87% (7/8)[K
remote: Compressing objects: 100% (8/8)[K
remote: Compressing objects: 100% (8/8), done.[K
remote: Total 10 (delta 1), reused 0 (delta 0), pack-reused 0 (from 0)[K
Receiving objects:  10% (1/10)
Receiving objects:  20% (2/10)
Receiving objects:  30% (3/10)
Receiving objects:  40% (4/10)
Receiving objects:  50% (5/10)
Receiving objects:  60% (6/10)
Receiving objects:  70% (7/10)
Receiving objects:  80% (8/10)
Receiving objects:  90% (9/10)
Receiving objects: 100% (10/10)
Receiving objects: 100% (10/10), done.
Resolving deltas:   0% (0/1)
Resolving deltas: 100% (1/1)
Resolving deltas: 100% (1/1), done.
PODMANTERMINATION 0
go: downloading rsc.io/quote v1.5.2
go: downloading rsc.io/sampler v1.3.0
go: downloading golang.org/x/text v0.0.0-20170915032832-14c0d48ead0c
PODMANTERMINATION 0
