Cloning into 'example1'...
remote: Enumerating objects: 33, done.[K
remote: Counting objects:   3% (1/33)[K
remote: Counting objects:   6% (2/33)[K
remote: Counting objects:   9% (3/33)[K
remote: Counting objects:  12% (4/33)[K
remote: Counting objects:  15% (5/33)[K
remote: Counting objects:  18% (6/33)[K
remote: Counting objects:  21% (7/33)[K
remote: Counting objects:  24% (8/33)[K
remote: Counting objects:  27% (9/33)[K
remote: Counting objects:  30% (10/33)[K
remote: Counting objects:  33% (11/33)[K
remote: Counting objects:  36% (12/33)[K
remote: Counting objects:  39% (13/33)[K
remote: Counting objects:  42% (14/33)[K
remote: Counting objects:  45% (15/33)[K
remote: Counting objects:  48% (16/33)[K
remote: Counting objects:  51% (17/33)[K
remote: Counting objects:  54% (18/33)[K
remote: Counting objects:  57% (19/33)[K
remote: Counting objects:  60% (20/33)[K
remote: Counting objects:  63% (21/33)[K
remote: Counting objects:  66% (22/33)[K
remote: Counting objects:  69% (23/33)[K
remote: Counting objects:  72% (24/33)[K
remote: Counting objects:  75% (25/33)[K
remote: Counting objects:  78% (26/33)[K
remote: Counting objects:  81% (27/33)[K
remote: Counting objects:  84% (28/33)[K
remote: Counting objects:  87% (29/33)[K
remote: Counting objects:  90% (30/33)[K
remote: Counting objects:  93% (31/33)[K
remote: Counting objects:  96% (32/33)[K
remote: Counting objects: 100% (33/33)[K
remote: Counting objects: 100% (33/33), done.[K
remote: Compressing objects:   3% (1/27)[K
remote: Compressing objects:   7% (2/27)[K
remote: Compressing objects:  11% (3/27)[K
remote: Compressing objects:  14% (4/27)[K
remote: Compressing objects:  18% (5/27)[K
remote: Compressing objects:  22% (6/27)[K
remote: Compressing objects:  25% (7/27)[K
remote: Compressing objects:  29% (8/27)[K
remote: Compressing objects:  33% (9/27)[K
remote: Compressing objects:  37% (10/27)[K
remote: Compressing objects:  40% (11/27)[K
remote: Compressing objects:  44% (12/27)[K
remote: Compressing objects:  48% (13/27)[K
remote: Compressing objects:  51% (14/27)[K
remote: Compressing objects:  55% (15/27)[K
remote: Compressing objects:  59% (16/27)[K
remote: Compressing objects:  62% (17/27)[K
remote: Compressing objects:  66% (18/27)[K
remote: Compressing objects:  70% (19/27)[K
remote: Compressing objects:  74% (20/27)[K
remote: Compressing objects:  77% (21/27)[K
remote: Compressing objects:  81% (22/27)[K
remote: Compressing objects:  85% (23/27)[K
remote: Compressing objects:  88% (24/27)[K
remote: Compressing objects:  92% (25/27)[K
remote: Compressing objects:  96% (26/27)[K
remote: Compressing objects: 100% (27/27)[K
remote: Compressing objects: 100% (27/27), done.[K
remote: Total 33 (delta 13), reused 0 (delta 0), pack-reused 0 (from 0)[K
Receiving objects:   3% (1/33)
Receiving objects:   6% (2/33)
Receiving objects:   9% (3/33)
Receiving objects:  12% (4/33)
Receiving objects:  15% (5/33)
Receiving objects:  18% (6/33)
Receiving objects:  21% (7/33)
Receiving objects:  24% (8/33)
Receiving objects:  27% (9/33)
Receiving objects:  30% (10/33)
Receiving objects:  33% (11/33)
Receiving objects:  36% (12/33)
Receiving objects:  39% (13/33)
Receiving objects:  42% (14/33)
Receiving objects:  45% (15/33)
Receiving objects:  48% (16/33)
Receiving objects:  51% (17/33)
Receiving objects:  54% (18/33)
Receiving objects:  57% (19/33)
Receiving objects:  60% (20/33)
Receiving objects:  63% (21/33)
Receiving objects:  66% (22/33)
Receiving objects:  69% (23/33)
Receiving objects:  72% (24/33)
Receiving objects:  75% (25/33)
Receiving objects:  78% (26/33)
Receiving objects:  81% (27/33)
Receiving objects:  84% (28/33)
Receiving objects:  87% (29/33)
Receiving objects:  90% (30/33)
Receiving objects:  93% (31/33)
Receiving objects:  96% (32/33)
Receiving objects: 100% (33/33)
Receiving objects: 100% (33/33), 7.36 KiB | 359.00 KiB/s, done.
Resolving deltas:   0% (0/13)
Resolving deltas:   7% (1/13)
Resolving deltas:  15% (2/13)
Resolving deltas:  23% (3/13)
Resolving deltas:  30% (4/13)
Resolving deltas:  38% (5/13)
Resolving deltas:  46% (6/13)
Resolving deltas:  53% (7/13)
Resolving deltas:  61% (8/13)
Resolving deltas:  69% (9/13)
Resolving deltas:  76% (10/13)
Resolving deltas:  84% (11/13)
Resolving deltas:  92% (12/13)
Resolving deltas: 100% (13/13)
Resolving deltas: 100% (13/13), done.
PODMANTERMINATION 0
[[1;34mINFO[m] Scanning for projects...
[[1;34mINFO[m] 
[[1;34mINFO[m] [1m--------------------< [0;36mvassilidzuba.simple:example1[0;1m >--------------------[m
[[1;34mINFO[m] [1mBuilding Project Example1 0.0.1-SNAPSHOT[m
[[1;34mINFO[m]   from pom.xml
[[1;34mINFO[m] [1m--------------------------------[ jar ]---------------------------------[m
[[1;34mINFO[m] 
[[1;34mINFO[m] [1m--- [0;32mclean:3.2.0:clean[m [1m(default-clean)[m @ [36mexample1[0;1m ---[m
[[1;34mINFO[m] 
[[1;34mINFO[m] [1m--- [0;32mresources:3.3.1:resources[m [1m(default-resources)[m @ [36mexample1[0;1m ---[m
[[1;33mWARNING[m] Using platform encoding (UTF-8 actually) to copy filtered resources, i.e. build is platform dependent!
[[1;34mINFO[m] skip non existing resourceDirectory /usr/src/example1/src/main/resources
[[1;34mINFO[m] 
[[1;34mINFO[m] [1m--- [0;32mcompiler:3.13.0:compile[m [1m(default-compile)[m @ [36mexample1[0;1m ---[m
[[1;34mINFO[m] Recompiling the module because of [1mchanged source code[m.
[[1;33mWARNING[m] File encoding has not been set, using platform encoding [1mUTF-8[m, i.e. build is platform dependent!
[[1;34mINFO[m] Compiling 1 source file with javac [debug target 1.8] to target/classes
[[1;33mWARNING[m] bootstrap class path not set in conjunction with -source 8
[[1;33mWARNING[m] source value 8 is obsolete and will be removed in a future release
[[1;33mWARNING[m] target value 8 is obsolete and will be removed in a future release
[[1;33mWARNING[m] To suppress warnings about obsolete options, use -Xlint:-options.
[[1;34mINFO[m] Annotation processing is enabled because one or more processors were found
  on the class path. A future release of javac may disable annotation processing
  unless at least one processor is specified by name (-processor), or a search
  path is specified (--processor-path, --processor-module-path), or annotation
  processing is enabled explicitly (-proc:only, -proc:full).
  Use -Xlint:-options to suppress this message.
  Use -proc:none to disable annotation processing.
[[1;34mINFO[m] 
[[1;34mINFO[m] [1m--- [0;32mresources:3.3.1:testResources[m [1m(default-testResources)[m @ [36mexample1[0;1m ---[m
[[1;33mWARNING[m] Using platform encoding (UTF-8 actually) to copy filtered resources, i.e. build is platform dependent!
[[1;34mINFO[m] skip non existing resourceDirectory /usr/src/example1/src/test/resources
[[1;34mINFO[m] 
[[1;34mINFO[m] [1m--- [0;32mcompiler:3.13.0:testCompile[m [1m(default-testCompile)[m @ [36mexample1[0;1m ---[m
[[1;34mINFO[m] No sources to compile
[[1;34mINFO[m] 
[[1;34mINFO[m] [1m--- [0;32msurefire:3.2.5:test[m [1m(default-test)[m @ [36mexample1[0;1m ---[m
[[1;34mINFO[m] No tests to run.
[[1;34mINFO[m] 
[[1;34mINFO[m] [1m--- [0;32mjar:3.4.1:jar[m [1m(default-jar)[m @ [36mexample1[0;1m ---[m
[[1;34mINFO[m] Building jar: /usr/src/example1/target/example1-0.0.1-SNAPSHOT.jar
[[1;34mINFO[m] 
[[1;34mINFO[m] [1m--- [0;32mjavadoc:3.11.2:jar[m [1m(attach-javadocs)[m @ [36mexample1[0;1m ---[m
[[1;33mWARNING[m] Source files encoding has not been set, using platform encoding UTF-8, i.e. build is platform dependent!
[[1;34mINFO[m] No previous run data found, generating javadoc.
[[1;33mWARNING[m] Javadoc Warnings
[[1;33mWARNING[m] /usr/src/example1/src/main/java/vassilidzuba/example1/Example1App.java:25: warning: empty comment
[[1;33mWARNING[m] public class Example1App {
[[1;33mWARNING[m] ^
[[1;33mWARNING[m] /usr/src/example1/src/main/java/vassilidzuba/example1/Example1App.java:25: warning: use of default constructor, which does not provide a comment
[[1;33mWARNING[m] public class Example1App {
[[1;33mWARNING[m] ^
[[1;33mWARNING[m] /usr/src/example1/src/main/java/vassilidzuba/example1/Example1App.java:27: warning: no comment
[[1;33mWARNING[m] public static void main(String... args) {
[[1;33mWARNING[m] ^
[[1;33mWARNING[m] 3 warnings
[[1;34mINFO[m] Building jar: /usr/src/example1/target/example1-0.0.1-SNAPSHOT-javadoc.jar
[[1;34mINFO[m] 
[[1;34mINFO[m] [1m--- [0;32mshade:3.6.0:shade[m [1m(default)[m @ [36mexample1[0;1m ---[m
[[1;34mINFO[m] Including ch.qos.logback:logback-classic:jar:1.5.16 in the shaded jar.
[[1;34mINFO[m] Including ch.qos.logback:logback-core:jar:1.5.16 in the shaded jar.
[[1;34mINFO[m] Including org.slf4j:slf4j-api:jar:2.0.16 in the shaded jar.
[[1;34mINFO[m] Dependency-reduced POM written at: /usr/src/example1/dependency-reduced-pom.xml
[[1;33mWARNING[m] Discovered module-info.class. Shading will break its strong encapsulation.
[[1;33mWARNING[m] Discovered module-info.class. Shading will break its strong encapsulation.
[[1;33mWARNING[m] example1-0.0.1-SNAPSHOT.jar, logback-classic-1.5.16.jar, logback-core-1.5.16.jar, slf4j-api-2.0.16.jar define 1 overlapping resource: 
[[1;33mWARNING[m]   - META-INF/MANIFEST.MF
[[1;33mWARNING[m] maven-shade-plugin has detected that some files are
[[1;33mWARNING[m] present in two or more JARs. When this happens, only one
[[1;33mWARNING[m] single version of the file is copied to the uber jar.
[[1;33mWARNING[m] Usually this is not harmful and you can skip these warnings,
[[1;33mWARNING[m] otherwise try to manually exclude artifacts based on
[[1;33mWARNING[m] mvn dependency:tree -Ddetail=true and the above output.
[[1;33mWARNING[m] See https://maven.apache.org/plugins/maven-shade-plugin/
[[1;34mINFO[m] Replacing original artifact with shaded artifact.
[[1;34mINFO[m] Replacing /usr/src/example1/target/example1-0.0.1-SNAPSHOT.jar with /usr/src/example1/target/example1-0.0.1-SNAPSHOT-shaded.jar
[[1;34mINFO[m] 
[[1;34mINFO[m] [1m>>> [0;32mjavadoc:3.11.2:javadoc[m [1m(default-cli)[0;1m > [0;1mgenerate-sources[m @ [36mexample1[0;1m >>>[m
[[1;34mINFO[m] 
[[1;34mINFO[m] [1m<<< [0;32mjavadoc:3.11.2:javadoc[m [1m(default-cli)[0;1m < [0;1mgenerate-sources[m @ [36mexample1[0;1m <<<[m
[[1;34mINFO[m] 
[[1;34mINFO[m] 
[[1;34mINFO[m] [1m--- [0;32mjavadoc:3.11.2:javadoc[m [1m(default-cli)[m @ [36mexample1[0;1m ---[m
[[1;33mWARNING[m] Source files encoding has not been set, using platform encoding UTF-8, i.e. build is platform dependent!
[[1;34mINFO[m] Skipping javadoc generation, everything is up to date.
[[1;34mINFO[m] [1m------------------------------------------------------------------------[m
[[1;34mINFO[m] [1;32mBUILD SUCCESS[m
[[1;34mINFO[m] [1m------------------------------------------------------------------------[m
[[1;34mINFO[m] Total time:  8.359 s
[[1;34mINFO[m] Finished at: 2025-03-22T14:17:28Z
[[1;34mINFO[m] [1m------------------------------------------------------------------------[m
[0m[0mPODMANTERMINATION 0
/home/podman/nginx
javadoc/example1-0.0.1-SNAPSHOT-javadoc.jar
javadoc/simple-0.0.1-SNAPSHOT-javadoc.jar
javadoc/simple-0.0.2-SNAPSHOT-javadoc.jar
/home/podman/nginx
PODMANTERMINATION 0
